# JRE version: OpenJDK Runtime Environment Temurin-17.0.17+10 (17.0.17+10) (build 17.0.17+10)
# Java VM: OpenJDK 64-Bit Server VM Temurin-17.0.17+10 (17.0.17+10, mixed mode, sharing, tiered, compressed oops, compressed class ptrs, g1 gc, linux-amd64)
GC Precious Log:
 CPUs: 16 total, 16 available
 Memory: 7937M
 Large Page Support: Disabled
 NUMA Support: Disabled
 Compressed Oops: Enabled (32-bit)
 Heap Region Size: 1M
 Heap Min Capacity: 8M
 Heap Initial Capacity: 126M
 Heap Max Capacity: 1986M
 Pre-touch: Disabled
 Parallel Workers: 13
 Concurrent Workers: 3
 Concurrent Refinement Workers: 13
 Periodic GC: Disabled
Heap:
 garbage-first heap   total 92160K, used 44501K [0x0000000083e00000, 0x0000000100000000)
  region size 1024K, 10 young (10240K), 5 survivors (5120K)
 Metaspace       used 27851K, committed 28160K, reserved 1114112K
  class space    used 3173K, committed 3328K, reserved 1048576K
GC Heap History (10 events):
Event: 0.466 GC heap before
{Heap before GC invocations=0 (full 0):
 garbage-first heap   total 131072K, used 23476K [0x0000000083e00000, 0x0000000100000000)
  region size 1024K, 23 young (23552K), 0 survivors (0K)
 Metaspace       used 5470K, committed 5632K, reserved 1114112K
  class space    used 660K, committed 768K, reserved 1048576K
}
Event: 0.470 GC heap after
{Heap after GC invocations=1 (full 0):
 garbage-first heap   total 131072K, used 4132K [0x0000000083e00000, 0x0000000100000000)
  region size 1024K, 3 young (3072K), 3 survivors (3072K)
 Metaspace       used 5470K, committed 5632K, reserved 1114112K
  class space    used 660K, committed 768K, reserved 1048576K
}
Event: 1.332 GC heap before
{Heap before GC invocations=1 (full 0):
 garbage-first heap   total 131072K, used 45092K [0x0000000083e00000, 0x0000000100000000)
  region size 1024K, 43 young (44032K), 3 survivors (3072K)
 Metaspace       used 11869K, committed 12032K, reserved 1114112K
  class space    used 1467K, committed 1536K, reserved 1048576K
}
Event: 1.339 GC heap after
{Heap after GC invocations=2 (full 0):
 garbage-first heap   total 131072K, used 6709K [0x0000000083e00000, 0x0000000100000000)
  region size 1024K, 6 young (6144K), 6 survivors (6144K)
 Metaspace       used 11869K, committed 12032K, reserved 1114112K
  class space    used 1467K, committed 1536K, reserved 1048576K
}
Event: 2.377 GC heap before
{Heap before GC invocations=2 (full 0):
 garbage-first heap   total 131072K, used 77365K [0x0000000083e00000, 0x0000000100000000)
  region size 1024K, 75 young (76800K), 6 survivors (6144K)
 Metaspace       used 15886K, committed 16128K, reserved 1114112K
  class space    used 1878K, committed 1984K, reserved 1048576K
}
Event: 2.395 GC heap after
{Heap after GC invocations=3 (full 0):
 garbage-first heap   total 131072K, used 13808K [0x0000000083e00000, 0x0000000100000000)
  region size 1024K, 10 young (10240K), 10 survivors (10240K)
 Metaspace       used 15886K, committed 16128K, reserved 1114112K
  class space    used 1878K, committed 1984K, reserved 1048576K
}
Event: 3.123 GC heap before
{Heap before GC invocations=3 (full 0):
 garbage-first heap   total 131072K, used 108016K [0x0000000083e00000, 0x0000000100000000)
  region size 1024K, 67 young (68608K), 10 survivors (10240K)
 Metaspace       used 21177K, committed 21504K, reserved 1114112K
  class space    used 2486K, committed 2624K, reserved 1048576K
}
Event: 3.134 GC heap after
{Heap after GC invocations=4 (full 0):
 garbage-first heap   total 131072K, used 23509K [0x0000000083e00000, 0x0000000100000000)
  region size 1024K, 7 young (7168K), 7 survivors (7168K)
 Metaspace       used 21177K, committed 21504K, reserved 1114112K
  class space    used 2486K, committed 2624K, reserved 1048576K
}
Event: 3.788 GC heap before
{Heap before GC invocations=5 (full 0):
 garbage-first heap   total 89088K, used 70613K [0x0000000083e00000, 0x0000000100000000)
  region size 1024K, 52 young (53248K), 7 survivors (7168K)
 Metaspace       used 26526K, committed 26816K, reserved 1114112K
  class space    used 3061K, committed 3200K, reserved 1048576K
}
Event: 3.804 GC heap after
{Heap after GC invocations=6 (full 0):
 garbage-first heap   total 92160K, used 34773K [0x0000000083e00000, 0x0000000100000000)
  region size 1024K, 7 young (7168K), 7 survivors (7168K)
 Metaspace       used 26526K, committed 26816K, reserved 1114112K
  class space    used 3061K, committed 3200K, reserved 1048576K
}

